0 info it worked if it ends with ok
1 verbose cli [ 'C:\\Program Files\\nodejs\\node.exe',
1 verbose cli   'C:\\Program Files\\nodejs\\node_modules\\npm\\bin\\npm-cli.js',
1 verbose cli   'install',
1 verbose cli   'ionic-close-popup',
1 verbose cli   '--save' ]
2 info using npm@2.15.9
3 info using node@v4.5.0
4 verbose install initial load of C:\GestionSalonDeEstetica\package.json
5 warn package.json loginionic@1.1.1 No repository field.
6 warn package.json loginionic@1.1.1 No README data
7 warn package.json loginionic@1.1.1 No license field.
8 verbose installManyTop reading scoped package data from C:\GestionSalonDeEstetica\node_modules\angular-messages\package.json
9 verbose installManyTop reading scoped package data from C:\GestionSalonDeEstetica\node_modules\angular-touch\package.json
10 verbose installManyTop reading scoped package data from C:\GestionSalonDeEstetica\node_modules\angular-ui-calendar\package.json
11 verbose installManyTop reading scoped package data from C:\GestionSalonDeEstetica\node_modules\bower\package.json
12 verbose installManyTop reading scoped package data from C:\GestionSalonDeEstetica\node_modules\fullcalendar\package.json
13 verbose installManyTop reading scoped package data from C:\GestionSalonDeEstetica\node_modules\gulp\package.json
14 verbose installManyTop reading scoped package data from C:\GestionSalonDeEstetica\node_modules\gulp-concat\package.json
15 verbose installManyTop reading scoped package data from C:\GestionSalonDeEstetica\node_modules\gulp-minify-css\package.json
16 verbose installManyTop reading scoped package data from C:\GestionSalonDeEstetica\node_modules\gulp-rename\package.json
17 verbose installManyTop reading scoped package data from C:\GestionSalonDeEstetica\node_modules\gulp-sass\package.json
18 verbose installManyTop reading scoped package data from C:\GestionSalonDeEstetica\node_modules\gulp-util\package.json
19 verbose installManyTop reading scoped package data from C:\GestionSalonDeEstetica\node_modules\shelljs\package.json
20 info package.json gulp-minify-css@0.3.13 No license field.
21 info package.json gulp-rename@1.2.2 No license field.
22 info package.json gulp-util@2.2.20 No license field.
23 info package.json shelljs@0.3.0 license should be a valid SPDX license expression
24 verbose readDependencies loading dependencies from C:\GestionSalonDeEstetica\package.json
25 silly cache add args [ 'ionic-close-popup', null ]
26 verbose cache add spec ionic-close-popup
27 silly cache add parsed spec Result {
27 silly cache add   raw: 'ionic-close-popup',
27 silly cache add   scope: null,
27 silly cache add   name: 'ionic-close-popup',
27 silly cache add   rawSpec: '',
27 silly cache add   spec: 'latest',
27 silly cache add   type: 'tag' }
28 silly addNamed ionic-close-popup@latest
29 verbose addNamed "latest" is being treated as a dist-tag for ionic-close-popup
30 info addNameTag [ 'ionic-close-popup', 'latest' ]
31 silly mapToRegistry name ionic-close-popup
32 silly mapToRegistry using default registry
33 silly mapToRegistry registry https://registry.npmjs.org/
34 silly mapToRegistry data Result {
34 silly mapToRegistry   raw: 'ionic-close-popup',
34 silly mapToRegistry   scope: null,
34 silly mapToRegistry   name: 'ionic-close-popup',
34 silly mapToRegistry   rawSpec: '',
34 silly mapToRegistry   spec: 'latest',
34 silly mapToRegistry   type: 'tag' }
35 silly mapToRegistry uri https://registry.npmjs.org/ionic-close-popup
36 verbose addNameTag registry:https://registry.npmjs.org/ionic-close-popup not in flight; fetching
37 verbose request uri https://registry.npmjs.org/ionic-close-popup
38 verbose request no auth needed
39 info attempt registry request try #1 at 18:42:30
40 verbose request id 1967bad283c1f2d8
41 http request GET https://registry.npmjs.org/ionic-close-popup
42 http 404 https://registry.npmjs.org/ionic-close-popup
43 verbose headers { 'content-type': 'application/json',
43 verbose headers   'cache-control': 'max-age=0',
43 verbose headers   'content-length': '2',
43 verbose headers   'accept-ranges': 'bytes',
43 verbose headers   date: 'Fri, 18 Nov 2016 17:42:33 GMT',
43 verbose headers   via: '1.1 varnish',
43 verbose headers   age: '0',
43 verbose headers   connection: 'keep-alive',
43 verbose headers   'x-served-by': 'cache-lcy1130-LCY',
43 verbose headers   'x-cache': 'MISS',
43 verbose headers   'x-cache-hits': '0',
43 verbose headers   'x-timer': 'S1479490952.495933,VS0,VE605',
43 verbose headers   vary: 'Accept-Encoding' }
44 silly get cb [ 404,
44 silly get   { 'content-type': 'application/json',
44 silly get     'cache-control': 'max-age=0',
44 silly get     'content-length': '2',
44 silly get     'accept-ranges': 'bytes',
44 silly get     date: 'Fri, 18 Nov 2016 17:42:33 GMT',
44 silly get     via: '1.1 varnish',
44 silly get     age: '0',
44 silly get     connection: 'keep-alive',
44 silly get     'x-served-by': 'cache-lcy1130-LCY',
44 silly get     'x-cache': 'MISS',
44 silly get     'x-cache-hits': '0',
44 silly get     'x-timer': 'S1479490952.495933,VS0,VE605',
44 silly get     vary: 'Accept-Encoding' } ]
45 verbose stack Error: Registry returned 404 for GET on https://registry.npmjs.org/ionic-close-popup
45 verbose stack     at makeError (C:\Program Files\nodejs\node_modules\npm\node_modules\npm-registry-client\lib\request.js:264:12)
45 verbose stack     at CachingRegistryClient.<anonymous> (C:\Program Files\nodejs\node_modules\npm\node_modules\npm-registry-client\lib\request.js:242:14)
45 verbose stack     at Request._callback (C:\Program Files\nodejs\node_modules\npm\node_modules\npm-registry-client\lib\request.js:172:14)
45 verbose stack     at Request.self.callback (C:\Program Files\nodejs\node_modules\npm\node_modules\request\request.js:200:22)
45 verbose stack     at emitTwo (events.js:87:13)
45 verbose stack     at Request.emit (events.js:172:7)
45 verbose stack     at Request.<anonymous> (C:\Program Files\nodejs\node_modules\npm\node_modules\request\request.js:1067:10)
45 verbose stack     at emitOne (events.js:82:20)
45 verbose stack     at Request.emit (events.js:169:7)
45 verbose stack     at IncomingMessage.<anonymous> (C:\Program Files\nodejs\node_modules\npm\node_modules\request\request.js:988:12)
46 verbose statusCode 404
47 verbose pkgid ionic-close-popup
48 verbose cwd C:\GestionSalonDeEstetica
49 error Windows_NT 6.1.7601
50 error argv "C:\\Program Files\\nodejs\\node.exe" "C:\\Program Files\\nodejs\\node_modules\\npm\\bin\\npm-cli.js" "install" "ionic-close-popup" "--save"
51 error node v4.5.0
52 error npm  v2.15.9
53 error code E404
54 error 404 Registry returned 404 for GET on https://registry.npmjs.org/ionic-close-popup
54 error 404
54 error 404 'ionic-close-popup' is not in the npm registry.
54 error 404 You should bug the author to publish it (or use the name yourself!)
54 error 404 It was specified as a dependency of 'loginionic'
54 error 404
54 error 404 Note that you can also install from a
54 error 404 tarball, folder, http url, or git url.
55 verbose exit [ 1, true ]
